     1                                 %line 1+1 program_format.s
     2                                 
     3                                 
     4                                 [section .data]
     5                                 
     6                                 
     7                                 EXIT_SUCCESS equ 0
     8                                 SYS_EXIT equ 60
     9                                 
    10                                 
    11                                 
    12 00000000 11                     bVar1 db 17
    13 00000001 09                     bVar2 db 9
    14 00000002 00                     bResult db 0
    15                                 
    16                                 
    17                                 
    18 00000003 1100                   wVar1 dw 17
    19 00000005 0900                   wVar2 dw 9
    20 00000007 0000                   wResult dw 0
    21                                 
    22                                 
    23                                 
    24 00000009 40660301               dVar1 dd 17000000
    25 0000000D 40548900               dVar2 dd 9000000
    26 00000011 00000000               dResult dd 0
    27                                 
    28                                 
    29                                 
    30 00000015 00F1536500000000       qVar1 dq 1700000000
    31 0000001D 804A5D0500000000       qVar2 dq 90000000
    32 00000025 0000000000000000       qResult dq 0
    33                                 
    34                                 
    35                                 
    36                                 [section .text]
    37                                 [global _start]
    38                                 _start:
    39                                 
    40                                 
    41                                 
    42                                 
    43 00000000 8A0425[00000000]       mov al, byte [bVar1]
    44 00000007 020425[00000000]       add al, byte [bVar2]
    45 0000000E 880425[00000000]       mov byte [bResult], al
    46                                 
    47                                 
    48 00000015 668B0425[00000000]     mov ax, word [wVar1]
    49 0000001D 66030425[00000000]     add ax, word [wVar2]
    50 00000025 66890425[00000000]     mov word [wResult], ax
    51                                 
    52                                 
    53 0000002D 8B0425[00000000]       mov eax, dword [dVar1]
    54 00000034 030425[00000000]       add eax, dword [dVar2]
    55 0000003B 890425[00000000]       mov dword [dResult], eax
    56                                 
    57                                 
    58 00000042 488B0425[00000000]     mov rax, qword [qVar1]
    59 0000004A 48030425[00000000]     add rax, qword [qVar2]
    60 00000052 48890425[00000000]     mov qword [qResult], rax
    61                                 
    62                                 
    63                                 last:
    64 0000005A 48C7C03C000000          mov rax, SYS_EXIT
    65 00000061 48C7C700000000          mov rdi, EXIT_SUCCESS
    66 00000068 0F05                    syscall
